[22:50:38.370] LogCore: Log: === Engine Log Started ===
[22:50:38.371] LogCore: Log: === Vulkan Engine Starting ===
[22:50:38.371] LogCore: Log: Initializing engine systems...
[22:50:38.371] LogCore: Log: Starting application main loop...
[22:50:38.371] LogCore: Log: Initializing GLFW...
[22:50:38.388] LogCore: Log: Primary monitor resolution: 1920x1080
[22:50:38.388] LogCore: Log: Creating window: 1920x1080 (Min: 800x600, Max: 1920x1080)
[22:50:38.468] LogCore: Log: Window created successfully at position (0, 0)
[22:50:38.468] LogRHI: Log: Initializing Vulkan...
[22:50:39.100] LogRHI: Log: Vulkan initialized successfully
[22:50:39.100] LogCore: Log: Camera initialized - Position: (0, 0, -3) | Aspect: 2.05
[22:50:39.100] LogUI: Log: Initializing eGUI (Rust)...
[22:50:39.100] LogUI: Log: Initializing eGUI (Rust)...
[22:50:39.101] LogUI: Log: Font texture not ready yet, creating initial 512x512 (will be updated with real professional texture after first render)
[22:50:39.101] LogUI: Log: Font descriptor set allocated and updated successfully
[22:50:39.101] LogUI: Log: Professional font texture not ready yet, will be updated after first render
[22:50:39.101] LogUI: Log: VulkanRenderer initialized successfully
[22:50:39.101] LogUI: Log: eGUI initialized successfully
[22:50:39.101] LogUI: Log: eGUI initialized successfully
[22:50:39.101] LogCore: Log: Entering main loop...
[22:50:39.101] LogCore: Log: Controls: WASD - Move | Mouse - Look | ESC - Lock/Unlock Mouse | F11 - Maximize/Restore | TAB - Toggle UI
[22:50:39.101] LogCore: Log: Supported resolutions: 800x600 to 1920x1080
[22:50:39.101] LogCore: Log: Initializing UIManager...
[22:50:39.101] LogCore: Log: UIManager initialized successfully
[22:50:39.101] LogCore: Verbose: Registered UI Panel: DebugOverlay
[22:50:39.102] LogCore: Verbose: Registered UI Window: StatsPanel
[22:50:39.102] LogCore: Verbose: Registered UI Window: ObjectHierarchy
[22:50:39.102] LogCore: Verbose: Registered UI Window: Viewport
[22:50:39.102] LogCore: Verbose: Registered UI Window: Details
[22:50:39.102] LogCore: Verbose: Registered UI Window: ContentBrowser
[22:50:39.102] LogCore: Verbose: Registered UI Window: Console
[22:50:39.102] LogCore: Verbose: Registered UI Panel: MenuBar
[22:50:39.102] LogCore: Verbose: Registered UI Panel: StatusBar
[22:50:39.102] LogCore: Log: Starting main loop...
[22:50:39.102] LogCore: Log: First iteration of main loop starting...
[22:50:39.102] LogCore: Verbose: Framebuffer resized to 1920x935 (Aspect: 2.05)
[22:50:39.102] LogCore: Verbose: Window resized to 1920x935 (Framebuffer: 1920x935, Aspect: 2.05)
[22:50:39.102] LogCore: Log: Events polled, checking window close status...
[22:50:39.102] LogCore: Log: Calling EGUIWrapper::NewFrame()...
[22:50:39.105] LogCore: Log: EGUIWrapper::NewFrame() completed
[22:50:39.105] LogCore: Log: Updating UI data...
[22:50:39.105] LogCore: Log: UI data updated successfully
[22:50:39.105] LogCore: Log: Calling UIManager::Update()...
[22:50:39.105] LogCore: Log: UIManager::Update() completed
[22:50:39.105] LogCore: Log: Calling UIManager::Render()...
[22:50:39.105] LogCore: Log: UIManager::Render() completed
[22:50:39.105] LogCore: Log: About to enter drawFrame scope (after PrepareRender)...
[22:50:39.105] LogCore: Log: Inside drawFrame scope, creating SCOPED_TIMER_SILENT...
[22:50:39.105] LogCore: Log: SCOPED_TIMER_SILENT created, calling drawFrame()...
[22:50:39.105] LogRHI: Log: [drawFrame] About to record command buffer...
[22:50:39.105] LogRHI: Log: [recordCommandBuffer] About to render eGUI (first call)...
[22:50:39.107] LogUI: Log: Detected PROFESSIONAL font texture: 2048x128 (will update after frame)
[22:50:39.108] LogUI: Log: Created UI buffer: size=17408 bytes, usage=0x80
[22:50:39.108] LogUI: Log: === PRIMEROS VÃ‰RTICES DE eGUI ===
[22:50:39.108] LogUI: Log:   V[0]: pos=(0.5, 0.5), RGBA=(0.12, 0.12, 0.12, 1.00)
[22:50:39.108] LogUI: Log:   V[1]: pos=(0.5, 212.5), RGBA=(0.12, 0.12, 0.12, 1.00)
[22:50:39.108] LogUI: Log:   V[2]: pos=(-0.5, 213.5), RGBA=(0.00, 0.00, 0.00, 0.00)
[22:50:39.108] LogUI: Log:   V[3]: pos=(-1.0, -1.0), RGBA=(0.00, 0.00, 0.00, 0.00)
[22:50:39.108] LogUI: Log:   V[4]: pos=(0.0, 0.0), RGBA=(0.20, 0.20, 0.20, 1.00)
[22:50:39.108] LogUI: Log:   V[5]: pos=(1.0, 1.0), RGBA=(0.00, 0.00, 0.00, 0.00)
[22:50:39.108] LogUI: Log:   V[6]: pos=(-1.0, 214.0), RGBA=(0.00, 0.00, 0.00, 0.00)
[22:50:39.108] LogUI: Log:   V[7]: pos=(0.0, 213.0), RGBA=(0.20, 0.20, 0.20, 1.00)
[22:50:39.108] LogUI: Log:   V[8]: pos=(1.0, 212.0), RGBA=(0.00, 0.00, 0.00, 0.00)
[22:50:39.108] LogUI: Log:   V[9]: pos=(0.0, 211.0), RGBA=(0.00, 0.00, 0.00, 0.00)
[22:50:39.108] LogUI: Log: ðŸ” Viewport UI: (1920, 935), Scissor: (1920, 935)
[22:50:39.108] LogUI: Log: UI Transform: scale=(0.001042, -0.002139), translate=(-1.000000, 1.000000), viewport=(1920, 935)
[22:50:39.108] LogUI: Log:   Corner (0,0) -> clip (-1.000, 1.000) [expected: (-1, 1)]
[22:50:39.108] LogUI: Log:   Corner (1920,935) -> clip (1.000, -1.000) [expected: (1, -1)]
[22:50:39.108] LogUI: Log: âœ… DRAW CALL: 1746 indices (~582 triangles)
[22:50:39.108] LogUI: Log:    Viewport: 1920x935 | Pipeline bound
[22:50:39.108] LogRHI: Log: [recordCommandBuffer] eGUI rendered successfully
[22:50:39.108] LogRHI: Log: [drawFrame] Command buffer recorded successfully
[22:50:39.108] LogRHI: Log: [drawFrame] About to submit to graphics queue...
[22:50:39.108] LogRHI: Log: [drawFrame] Submitted to graphics queue successfully
[22:50:39.108] LogRHI: Log: [drawFrame] About to present...
[22:50:39.403] LogRHI: Log: Swap chain recreated with resolution: 1920x935
[22:50:39.403] LogRHI: Log: [drawFrame] Present completed successfully
[22:50:39.403] LogUI: Log: Updating PROFESSIONAL font texture after frame: 2048x128
[22:50:39.403] LogUI: Log: Font texture needs recreation: current=512x512, new=2048x128
[22:50:39.403] LogUI: Log: Creating font texture with specified size: 2048x128
[22:50:39.404] LogUI: Log: Font descriptor set allocated and updated successfully
[22:50:39.404] LogUI: Log: Font texture recreated and descriptor set updated: 2048x128
[22:50:39.404] LogUI: Log: Updating font texture data: 2048x128
[22:50:39.406] LogRHI: Log: [drawFrame] First drawFrame() completed successfully!
[22:50:39.406] LogCore: Log: First drawFrame() completed successfully!
[22:50:39.406] LogCore: Log: About to exit drawFrame scope...
[22:50:39.406] LogCore: Log: Exited drawFrame scope successfully
[22:50:39.406] LogCore: Log: First frame completed successfully! Loop continuing...
[22:50:39.406] LogCore: Log: Framebuffer resized - New size: 1920x935
[22:50:40.117] LogCore: Log: FPS: 1268.78 | Delta: 16.62ms | Frame: 47 | Time: 1.73s | Camera: (0.00, 0.00, -3.00)
[22:50:40.317] LogCore: Verbose: === Debug Overlay ===
FPS: 60.02
Delta: 16.66ms
Frames: 60
Time: 1.95s
Camera: (0.00, 0.00, -3.00)
Render Queue: 0 commands

[22:50:41.134] LogCore: Log: FPS: 60.02 | Delta: 16.65ms | Frame: 108 | Time: 2.75s | Camera: (0.00, 0.00, -3.00)
[22:50:41.317] LogCore: Verbose: === Debug Overlay ===
FPS: 59.93
Delta: 16.69ms
Frames: 120
Time: 2.95s
Camera: (0.00, 0.00, -3.00)
Render Queue: 0 commands

[22:50:42.134] LogCore: Log: FPS: 59.99 | Delta: 16.78ms | Frame: 168 | Time: 3.75s | Camera: (0.00, 0.00, -3.00)
[22:50:42.317] LogCore: Verbose: === Debug Overlay ===
FPS: 60.03
Delta: 16.66ms
Frames: 180
Time: 3.95s
Camera: (0.00, 0.00, -3.00)
Render Queue: 0 commands

[22:50:43.136] LogCore: Log: FPS: 59.89 | Delta: 16.65ms | Frame: 228 | Time: 4.75s | Camera: (0.00, 0.00, -3.00)
[22:50:43.320] LogCore: Verbose: === Debug Overlay ===
FPS: 59.89
Delta: 16.70ms
Frames: 240
Time: 4.95s
Camera: (0.00, 0.00, -3.00)
Render Queue: 0 commands

[22:50:44.136] LogCore: Log: FPS: 60.01 | Delta: 16.60ms | Frame: 288 | Time: 5.75s | Camera: (0.00, 0.00, -3.00)
[22:50:44.320] LogCore: Verbose: === Debug Overlay ===
FPS: 59.87
Delta: 16.70ms
Frames: 300
Time: 5.95s
Camera: (0.00, 0.00, -3.00)
Render Queue: 0 commands

[22:50:44.572] LogCore: Log: Window close requested (iteration 315)
[22:50:44.572] LogCore: Log: Main loop ended. Total frames: 315
[22:50:44.606] LogCore: Log: Vulkan device idle, cleanup complete
[22:50:44.607] LogUI: Log: Shutting down eGUI...
[22:50:44.612] LogCore: Log: Shutting down UIManager...
[22:50:44.612] LogCore: Log: UIManager shutdown complete
[22:50:44.892] LogCore: Log: Application main loop ended normally
